build/intermediates/manifest_merge_blame_file/debug/manifest-merger-blame-debug-report.txt
1<?xml version="1.0" encoding="utf-8"?>
2<manifest xmlns:android="http://schemas.android.com/apk/res/android"
3    package="com.evgeny_m.postman"
4    android:versionCode="1"
5    android:versionName="1.0" >
6
7    <uses-sdk
8        android:minSdkVersion="22"
8-->src\main\AndroidManifest.xml
9        android:targetSdkVersion="31" />
9-->src\main\AndroidManifest.xml
10
11    <uses-permission android:name="android.permission.READ_CONTACTS" />
11-->src\main\AndroidManifest.xml:5:5-71
11-->src\main\AndroidManifest.xml:5:22-69
12    <uses-permission android:name="android.permission.READ_EXTERNAL_STORAGE" />
12-->src\main\AndroidManifest.xml:6:5-79
12-->src\main\AndroidManifest.xml:6:22-77
13    <uses-permission android:name="android.permission.WRITE_EXTERNAL_STORAGE" />
13-->src\main\AndroidManifest.xml:7:5-80
13-->src\main\AndroidManifest.xml:7:22-78
14    <uses-permission android:name="android.permission.INTERNET" />
14-->src\main\AndroidManifest.xml:8:5-66
14-->src\main\AndroidManifest.xml:8:22-64
15    <uses-permission android:name="android.permission.ACCESS_NETWORK_STATE" />
15-->[com.firebaseui:firebase-ui-auth:7.2.0] AndroidManifest.xml:12:5-79
15-->[com.firebaseui:firebase-ui-auth:7.2.0] AndroidManifest.xml:12:22-76
16    <uses-permission android:name="android.permission.WAKE_LOCK" />
16-->[com.google.android.gms:play-services-measurement:20.0.0] AndroidManifest.xml:25:5-68
16-->[com.google.android.gms:play-services-measurement:20.0.0] AndroidManifest.xml:25:22-65
17    <uses-permission android:name="com.google.android.finsky.permission.BIND_GET_INSTALL_REFERRER_SERVICE" />
17-->[com.google.android.gms:play-services-measurement:20.0.0] AndroidManifest.xml:26:5-110
17-->[com.google.android.gms:play-services-measurement:20.0.0] AndroidManifest.xml:26:22-107
18
19    <application
19-->src\main\AndroidManifest.xml:10:5-25:19
20        android:allowBackup="true"
20-->src\main\AndroidManifest.xml:11:9-35
21        android:appComponentFactory="androidx.core.app.CoreComponentFactory"
21-->[androidx.core:core:1.7.0] AndroidManifest.xml:24:18-86
22        android:debuggable="true"
23        android:icon="@mipmap/ic_launcher"
23-->src\main\AndroidManifest.xml:12:9-43
24        android:label="@string/app_name"
24-->src\main\AndroidManifest.xml:13:9-41
25        android:roundIcon="@mipmap/ic_launcher_round"
25-->src\main\AndroidManifest.xml:14:9-54
26        android:supportsRtl="true"
26-->src\main\AndroidManifest.xml:15:9-35
27        android:testOnly="true"
28        android:theme="@style/Theme.Postman" >
28-->src\main\AndroidManifest.xml:16:9-45
29        <activity
29-->src\main\AndroidManifest.xml:17:9-24:20
30            android:name="com.evgeny_m.postman.MainActivity"
30-->src\main\AndroidManifest.xml:17:19-47
31            android:exported="true" >
31-->src\main\AndroidManifest.xml:18:13-36
32            <intent-filter>
32-->src\main\AndroidManifest.xml:19:13-23:29
33                <action android:name="android.intent.action.MAIN" />
33-->src\main\AndroidManifest.xml:20:17-69
33-->src\main\AndroidManifest.xml:20:25-66
34
35                <category android:name="android.intent.category.LAUNCHER" />
35-->src\main\AndroidManifest.xml:22:17-77
35-->src\main\AndroidManifest.xml:22:27-74
36            </intent-filter>
37        </activity>
38
39        <meta-data
39-->[com.firebaseui:firebase-ui-auth:7.2.0] AndroidManifest.xml:16:9-18:69
40            android:name="com.google.android.gms.version"
40-->[com.firebaseui:firebase-ui-auth:7.2.0] AndroidManifest.xml:17:13-58
41            android:value="@integer/google_play_services_version" />
41-->[com.firebaseui:firebase-ui-auth:7.2.0] AndroidManifest.xml:18:13-66
42        <meta-data
42-->[com.firebaseui:firebase-ui-auth:7.2.0] AndroidManifest.xml:19:9-21:63
43            android:name="com.facebook.sdk.ApplicationId"
43-->[com.firebaseui:firebase-ui-auth:7.2.0] AndroidManifest.xml:20:13-58
44            android:value="@string/facebook_application_id" />
44-->[com.firebaseui:firebase-ui-auth:7.2.0] AndroidManifest.xml:21:13-60
45
46        <activity
46-->[com.firebaseui:firebase-ui-auth:7.2.0] AndroidManifest.xml:23:9-27:61
47            android:name="com.firebase.ui.auth.KickoffActivity"
47-->[com.firebaseui:firebase-ui-auth:7.2.0] AndroidManifest.xml:24:13-64
48            android:exported="false"
48-->[com.firebaseui:firebase-ui-auth:7.2.0] AndroidManifest.xml:25:13-37
49            android:label=""
49-->[com.firebaseui:firebase-ui-auth:7.2.0] AndroidManifest.xml:26:13-29
50            android:theme="@style/FirebaseUI.Transparent" />
50-->[com.firebaseui:firebase-ui-auth:7.2.0] AndroidManifest.xml:27:13-58
51        <activity
51-->[com.firebaseui:firebase-ui-auth:7.2.0] AndroidManifest.xml:28:9-32:61
52            android:name="com.firebase.ui.auth.ui.idp.SingleSignInActivity"
52-->[com.firebaseui:firebase-ui-auth:7.2.0] AndroidManifest.xml:29:13-76
53            android:exported="false"
53-->[com.firebaseui:firebase-ui-auth:7.2.0] AndroidManifest.xml:30:13-37
54            android:label=""
54-->[com.firebaseui:firebase-ui-auth:7.2.0] AndroidManifest.xml:31:13-29
55            android:theme="@style/FirebaseUI.Transparent" />
55-->[com.firebaseui:firebase-ui-auth:7.2.0] AndroidManifest.xml:32:13-58
56        <activity
56-->[com.firebaseui:firebase-ui-auth:7.2.0] AndroidManifest.xml:33:9-37:61
57            android:name="com.firebase.ui.auth.ui.credentials.CredentialSaveActivity"
57-->[com.firebaseui:firebase-ui-auth:7.2.0] AndroidManifest.xml:34:13-86
58            android:exported="false"
58-->[com.firebaseui:firebase-ui-auth:7.2.0] AndroidManifest.xml:35:13-37
59            android:label=""
59-->[com.firebaseui:firebase-ui-auth:7.2.0] AndroidManifest.xml:36:13-29
60            android:theme="@style/FirebaseUI.Transparent" />
60-->[com.firebaseui:firebase-ui-auth:7.2.0] AndroidManifest.xml:37:13-58
61        <activity
61-->[com.firebaseui:firebase-ui-auth:7.2.0] AndroidManifest.xml:38:9-42:58
62            android:name="com.firebase.ui.auth.ui.email.RecoverPasswordActivity"
62-->[com.firebaseui:firebase-ui-auth:7.2.0] AndroidManifest.xml:39:13-81
63            android:exported="false"
63-->[com.firebaseui:firebase-ui-auth:7.2.0] AndroidManifest.xml:40:13-37
64            android:label="@string/fui_title_recover_password_activity"
64-->[com.firebaseui:firebase-ui-auth:7.2.0] AndroidManifest.xml:41:13-72
65            android:windowSoftInputMode="adjustResize" />
65-->[com.firebaseui:firebase-ui-auth:7.2.0] AndroidManifest.xml:42:13-55
66        <activity
66-->[com.firebaseui:firebase-ui-auth:7.2.0] AndroidManifest.xml:43:9-47:58
67            android:name="com.firebase.ui.auth.ui.email.EmailActivity"
67-->[com.firebaseui:firebase-ui-auth:7.2.0] AndroidManifest.xml:44:13-71
68            android:exported="false"
68-->[com.firebaseui:firebase-ui-auth:7.2.0] AndroidManifest.xml:45:13-37
69            android:label="@string/fui_sign_in_default"
69-->[com.firebaseui:firebase-ui-auth:7.2.0] AndroidManifest.xml:46:13-56
70            android:windowSoftInputMode="adjustResize" />
70-->[com.firebaseui:firebase-ui-auth:7.2.0] AndroidManifest.xml:47:13-55
71        <activity
71-->[com.firebaseui:firebase-ui-auth:7.2.0] AndroidManifest.xml:48:9-52:77
72            android:name="com.firebase.ui.auth.ui.phone.PhoneActivity"
72-->[com.firebaseui:firebase-ui-auth:7.2.0] AndroidManifest.xml:49:13-71
73            android:exported="false"
73-->[com.firebaseui:firebase-ui-auth:7.2.0] AndroidManifest.xml:50:13-37
74            android:label="@string/fui_sign_in_with_phone_number"
74-->[com.firebaseui:firebase-ui-auth:7.2.0] AndroidManifest.xml:51:13-66
75            android:windowSoftInputMode="adjustResize|stateAlwaysVisible" />
75-->[com.firebaseui:firebase-ui-auth:7.2.0] AndroidManifest.xml:52:13-74
76        <activity
76-->[com.firebaseui:firebase-ui-auth:7.2.0] AndroidManifest.xml:53:9-57:58
77            android:name="com.firebase.ui.auth.ui.idp.WelcomeBackIdpPrompt"
77-->[com.firebaseui:firebase-ui-auth:7.2.0] AndroidManifest.xml:54:13-76
78            android:exported="false"
78-->[com.firebaseui:firebase-ui-auth:7.2.0] AndroidManifest.xml:55:13-37
79            android:label="@string/fui_title_welcome_back_idp_prompt"
79-->[com.firebaseui:firebase-ui-auth:7.2.0] AndroidManifest.xml:56:13-70
80            android:windowSoftInputMode="adjustResize" />
80-->[com.firebaseui:firebase-ui-auth:7.2.0] AndroidManifest.xml:57:13-55
81        <activity
81-->[com.firebaseui:firebase-ui-auth:7.2.0] AndroidManifest.xml:58:9-62:58
82            android:name="com.firebase.ui.auth.ui.email.WelcomeBackPasswordPrompt"
82-->[com.firebaseui:firebase-ui-auth:7.2.0] AndroidManifest.xml:59:13-83
83            android:exported="false"
83-->[com.firebaseui:firebase-ui-auth:7.2.0] AndroidManifest.xml:60:13-37
84            android:label="@string/fui_title_welcome_back_password_prompt"
84-->[com.firebaseui:firebase-ui-auth:7.2.0] AndroidManifest.xml:61:13-75
85            android:windowSoftInputMode="adjustResize" />
85-->[com.firebaseui:firebase-ui-auth:7.2.0] AndroidManifest.xml:62:13-55
86        <activity
86-->[com.firebaseui:firebase-ui-auth:7.2.0] AndroidManifest.xml:63:9-67:58
87            android:name="com.firebase.ui.auth.ui.email.WelcomeBackEmailLinkPrompt"
87-->[com.firebaseui:firebase-ui-auth:7.2.0] AndroidManifest.xml:64:13-84
88            android:exported="false"
88-->[com.firebaseui:firebase-ui-auth:7.2.0] AndroidManifest.xml:65:13-37
89            android:label="@string/fui_title_welcome_back_password_prompt"
89-->[com.firebaseui:firebase-ui-auth:7.2.0] AndroidManifest.xml:66:13-75
90            android:windowSoftInputMode="adjustResize" />
90-->[com.firebaseui:firebase-ui-auth:7.2.0] AndroidManifest.xml:67:13-55
91        <activity
91-->[com.firebaseui:firebase-ui-auth:7.2.0] AndroidManifest.xml:68:9-73:58
92            android:name="com.firebase.ui.auth.ui.email.EmailLinkCatcherActivity"
92-->[com.firebaseui:firebase-ui-auth:7.2.0] AndroidManifest.xml:69:13-82
93            android:exported="false"
93-->[com.firebaseui:firebase-ui-auth:7.2.0] AndroidManifest.xml:70:13-37
94            android:label=""
94-->[com.firebaseui:firebase-ui-auth:7.2.0] AndroidManifest.xml:71:13-29
95            android:theme="@style/FirebaseUI.Transparent"
95-->[com.firebaseui:firebase-ui-auth:7.2.0] AndroidManifest.xml:72:13-58
96            android:windowSoftInputMode="adjustResize" />
96-->[com.firebaseui:firebase-ui-auth:7.2.0] AndroidManifest.xml:73:13-55
97        <activity
97-->[com.firebaseui:firebase-ui-auth:7.2.0] AndroidManifest.xml:74:9-78:58
98            android:name="com.firebase.ui.auth.ui.email.EmailLinkErrorRecoveryActivity"
98-->[com.firebaseui:firebase-ui-auth:7.2.0] AndroidManifest.xml:75:13-88
99            android:exported="false"
99-->[com.firebaseui:firebase-ui-auth:7.2.0] AndroidManifest.xml:76:13-37
100            android:label="@string/fui_sign_in_default"
100-->[com.firebaseui:firebase-ui-auth:7.2.0] AndroidManifest.xml:77:13-56
101            android:windowSoftInputMode="adjustResize" />
101-->[com.firebaseui:firebase-ui-auth:7.2.0] AndroidManifest.xml:78:13-55
102        <activity
102-->[com.firebaseui:firebase-ui-auth:7.2.0] AndroidManifest.xml:79:9-82:65
103            android:name="com.firebase.ui.auth.ui.idp.AuthMethodPickerActivity"
103-->[com.firebaseui:firebase-ui-auth:7.2.0] AndroidManifest.xml:80:13-80
104            android:exported="false"
104-->[com.firebaseui:firebase-ui-auth:7.2.0] AndroidManifest.xml:81:13-37
105            android:label="@string/fui_default_toolbar_title" />
105-->[com.firebaseui:firebase-ui-auth:7.2.0] AndroidManifest.xml:82:13-62
106        <activity
106-->[com.firebaseui:firebase-ui-auth:7.2.0] AndroidManifest.xml:83:9-87:48
107            android:name="com.facebook.FacebookActivity"
107-->[com.firebaseui:firebase-ui-auth:7.2.0] AndroidManifest.xml:84:13-57
108            android:configChanges="keyboard|keyboardHidden|screenLayout|screenSize|orientation"
108-->[com.firebaseui:firebase-ui-auth:7.2.0] AndroidManifest.xml:85:13-96
109            android:label="@string/app_name" />
109-->[com.firebaseui:firebase-ui-auth:7.2.0] AndroidManifest.xml:86:13-45
110        <activity
110-->[com.firebaseui:firebase-ui-auth:7.2.0] AndroidManifest.xml:88:9-100:20
111            android:name="com.facebook.CustomTabActivity"
111-->[com.firebaseui:firebase-ui-auth:7.2.0] AndroidManifest.xml:89:13-58
112            android:exported="true" >
112-->[com.firebaseui:firebase-ui-auth:7.2.0] AndroidManifest.xml:90:13-36
113            <intent-filter>
113-->[com.firebaseui:firebase-ui-auth:7.2.0] AndroidManifest.xml:92:13-99:29
114                <action android:name="android.intent.action.VIEW" />
114-->[com.firebaseui:firebase-ui-auth:7.2.0] AndroidManifest.xml:93:17-69
114-->[com.firebaseui:firebase-ui-auth:7.2.0] AndroidManifest.xml:93:25-66
115
116                <category android:name="android.intent.category.DEFAULT" />
116-->[com.firebaseui:firebase-ui-auth:7.2.0] AndroidManifest.xml:95:17-76
116-->[com.firebaseui:firebase-ui-auth:7.2.0] AndroidManifest.xml:95:27-73
117                <category android:name="android.intent.category.BROWSABLE" />
117-->[com.firebaseui:firebase-ui-auth:7.2.0] AndroidManifest.xml:96:17-78
117-->[com.firebaseui:firebase-ui-auth:7.2.0] AndroidManifest.xml:96:27-75
118
119                <data android:scheme="@string/facebook_login_protocol_scheme" />
119-->[com.firebaseui:firebase-ui-auth:7.2.0] AndroidManifest.xml:98:17-81
119-->[com.firebaseui:firebase-ui-auth:7.2.0] AndroidManifest.xml:98:23-78
120            </intent-filter>
121        </activity>
122
123        <provider
123-->[com.firebaseui:firebase-ui-auth:7.2.0] AndroidManifest.xml:102:9-106:38
124            android:name="com.firebase.ui.auth.data.client.AuthUiInitProvider"
124-->[com.firebaseui:firebase-ui-auth:7.2.0] AndroidManifest.xml:103:13-79
125            android:authorities="com.evgeny_m.postman.authuiinitprovider"
125-->[com.firebaseui:firebase-ui-auth:7.2.0] AndroidManifest.xml:104:13-70
126            android:exported="false"
126-->[com.firebaseui:firebase-ui-auth:7.2.0] AndroidManifest.xml:105:13-37
127            android:initOrder="90" />
127-->[com.firebaseui:firebase-ui-auth:7.2.0] AndroidManifest.xml:106:13-35
128
129        <service
129-->[com.google.firebase:firebase-auth-ktx:21.0.1] AndroidManifest.xml:8:9-14:19
130            android:name="com.google.firebase.components.ComponentDiscoveryService"
130-->[com.google.firebase:firebase-auth-ktx:21.0.1] AndroidManifest.xml:9:13-84
131            android:directBootAware="true"
131-->[com.google.firebase:firebase-common:20.0.0] AndroidManifest.xml:35:13-43
132            android:exported="false" >
132-->[com.google.firebase:firebase-auth-ktx:21.0.1] AndroidManifest.xml:10:13-37
133            <meta-data
133-->[com.google.firebase:firebase-auth-ktx:21.0.1] AndroidManifest.xml:11:13-13:85
134                android:name="com.google.firebase.components:com.google.firebase.auth.ktx.FirebaseAuthKtxRegistrar"
134-->[com.google.firebase:firebase-auth-ktx:21.0.1] AndroidManifest.xml:12:17-116
135                android:value="com.google.firebase.components.ComponentRegistrar" />
135-->[com.google.firebase:firebase-auth-ktx:21.0.1] AndroidManifest.xml:13:17-82
136            <meta-data
136-->[com.google.firebase:firebase-auth:21.0.1] AndroidManifest.xml:77:13-79:85
137                android:name="com.google.firebase.components:com.google.firebase.auth.FirebaseAuthRegistrar"
137-->[com.google.firebase:firebase-auth:21.0.1] AndroidManifest.xml:78:17-109
138                android:value="com.google.firebase.components.ComponentRegistrar" />
138-->[com.google.firebase:firebase-auth:21.0.1] AndroidManifest.xml:79:17-82
139            <meta-data
139-->[com.google.firebase:firebase-analytics-ktx:20.0.0] AndroidManifest.xml:11:13-13:85
140                android:name="com.google.firebase.components:com.google.firebase.analytics.ktx.FirebaseAnalyticsKtxRegistrar"
140-->[com.google.firebase:firebase-analytics-ktx:20.0.0] AndroidManifest.xml:12:17-126
141                android:value="com.google.firebase.components.ComponentRegistrar" />
141-->[com.google.firebase:firebase-analytics-ktx:20.0.0] AndroidManifest.xml:13:17-82
142            <meta-data
142-->[com.google.firebase:firebase-database-ktx:20.0.3] AndroidManifest.xml:15:13-17:85
143                android:name="com.google.firebase.components:com.google.firebase.database.ktx.FirebaseDatabaseKtxRegistrar"
143-->[com.google.firebase:firebase-database-ktx:20.0.3] AndroidManifest.xml:16:17-124
144                android:value="com.google.firebase.components.ComponentRegistrar" />
144-->[com.google.firebase:firebase-database-ktx:20.0.3] AndroidManifest.xml:17:17-82
145            <meta-data
145-->[com.google.firebase:firebase-common-ktx:20.0.0] AndroidManifest.xml:15:13-17:85
146                android:name="com.google.firebase.components:com.google.firebase.ktx.FirebaseCommonKtxRegistrar"
146-->[com.google.firebase:firebase-common-ktx:20.0.0] AndroidManifest.xml:16:17-113
147                android:value="com.google.firebase.components.ComponentRegistrar" />
147-->[com.google.firebase:firebase-common-ktx:20.0.0] AndroidManifest.xml:17:17-82
148            <meta-data
148-->[com.google.firebase:firebase-database:20.0.3] AndroidManifest.xml:32:13-34:85
149                android:name="com.google.firebase.components:com.google.firebase.database.DatabaseRegistrar"
149-->[com.google.firebase:firebase-database:20.0.3] AndroidManifest.xml:33:17-109
150                android:value="com.google.firebase.components.ComponentRegistrar" />
150-->[com.google.firebase:firebase-database:20.0.3] AndroidManifest.xml:34:17-82
151            <meta-data
151-->[com.google.android.gms:play-services-measurement-api:20.0.0] AndroidManifest.xml:30:13-32:85
152                android:name="com.google.firebase.components:com.google.firebase.analytics.connector.internal.AnalyticsConnectorRegistrar"
152-->[com.google.android.gms:play-services-measurement-api:20.0.0] AndroidManifest.xml:31:17-139
153                android:value="com.google.firebase.components.ComponentRegistrar" />
153-->[com.google.android.gms:play-services-measurement-api:20.0.0] AndroidManifest.xml:32:17-82
154            <meta-data
154-->[com.google.firebase:firebase-installations:17.0.0] AndroidManifest.xml:18:13-20:85
155                android:name="com.google.firebase.components:com.google.firebase.installations.FirebaseInstallationsRegistrar"
155-->[com.google.firebase:firebase-installations:17.0.0] AndroidManifest.xml:19:17-127
156                android:value="com.google.firebase.components.ComponentRegistrar" />
156-->[com.google.firebase:firebase-installations:17.0.0] AndroidManifest.xml:20:17-82
157        </service>
158
159        <activity
159-->[com.google.firebase:firebase-auth:21.0.1] AndroidManifest.xml:27:9-44:20
160            android:name="com.google.firebase.auth.internal.GenericIdpActivity"
160-->[com.google.firebase:firebase-auth:21.0.1] AndroidManifest.xml:28:13-80
161            android:excludeFromRecents="true"
161-->[com.google.firebase:firebase-auth:21.0.1] AndroidManifest.xml:29:13-46
162            android:exported="true"
162-->[com.google.firebase:firebase-auth:21.0.1] AndroidManifest.xml:30:13-36
163            android:launchMode="singleTask"
163-->[com.google.firebase:firebase-auth:21.0.1] AndroidManifest.xml:31:13-44
164            android:theme="@android:style/Theme.Translucent.NoTitleBar" >
164-->[com.google.firebase:firebase-auth:21.0.1] AndroidManifest.xml:32:13-72
165            <intent-filter>
165-->[com.google.firebase:firebase-auth:21.0.1] AndroidManifest.xml:33:13-43:29
166                <action android:name="android.intent.action.VIEW" />
166-->[com.firebaseui:firebase-ui-auth:7.2.0] AndroidManifest.xml:93:17-69
166-->[com.firebaseui:firebase-ui-auth:7.2.0] AndroidManifest.xml:93:25-66
167
168                <category android:name="android.intent.category.DEFAULT" />
168-->[com.firebaseui:firebase-ui-auth:7.2.0] AndroidManifest.xml:95:17-76
168-->[com.firebaseui:firebase-ui-auth:7.2.0] AndroidManifest.xml:95:27-73
169                <category android:name="android.intent.category.BROWSABLE" />
169-->[com.firebaseui:firebase-ui-auth:7.2.0] AndroidManifest.xml:96:17-78
169-->[com.firebaseui:firebase-ui-auth:7.2.0] AndroidManifest.xml:96:27-75
170
171                <data
171-->[com.firebaseui:firebase-ui-auth:7.2.0] AndroidManifest.xml:98:17-81
172                    android:host="firebase.auth"
173                    android:path="/"
174                    android:scheme="genericidp" />
174-->[com.firebaseui:firebase-ui-auth:7.2.0] AndroidManifest.xml:98:23-78
175            </intent-filter>
176        </activity>
177        <activity
177-->[com.google.firebase:firebase-auth:21.0.1] AndroidManifest.xml:45:9-62:20
178            android:name="com.google.firebase.auth.internal.RecaptchaActivity"
178-->[com.google.firebase:firebase-auth:21.0.1] AndroidManifest.xml:46:13-79
179            android:excludeFromRecents="true"
179-->[com.google.firebase:firebase-auth:21.0.1] AndroidManifest.xml:47:13-46
180            android:exported="true"
180-->[com.google.firebase:firebase-auth:21.0.1] AndroidManifest.xml:48:13-36
181            android:launchMode="singleTask"
181-->[com.google.firebase:firebase-auth:21.0.1] AndroidManifest.xml:49:13-44
182            android:theme="@android:style/Theme.Translucent.NoTitleBar" >
182-->[com.google.firebase:firebase-auth:21.0.1] AndroidManifest.xml:50:13-72
183            <intent-filter>
183-->[com.google.firebase:firebase-auth:21.0.1] AndroidManifest.xml:51:13-61:29
184                <action android:name="android.intent.action.VIEW" />
184-->[com.firebaseui:firebase-ui-auth:7.2.0] AndroidManifest.xml:93:17-69
184-->[com.firebaseui:firebase-ui-auth:7.2.0] AndroidManifest.xml:93:25-66
185
186                <category android:name="android.intent.category.DEFAULT" />
186-->[com.firebaseui:firebase-ui-auth:7.2.0] AndroidManifest.xml:95:17-76
186-->[com.firebaseui:firebase-ui-auth:7.2.0] AndroidManifest.xml:95:27-73
187                <category android:name="android.intent.category.BROWSABLE" />
187-->[com.firebaseui:firebase-ui-auth:7.2.0] AndroidManifest.xml:96:17-78
187-->[com.firebaseui:firebase-ui-auth:7.2.0] AndroidManifest.xml:96:27-75
188
189                <data
189-->[com.firebaseui:firebase-ui-auth:7.2.0] AndroidManifest.xml:98:17-81
190                    android:host="firebase.auth"
191                    android:path="/"
192                    android:scheme="recaptcha" />
192-->[com.firebaseui:firebase-ui-auth:7.2.0] AndroidManifest.xml:98:23-78
193            </intent-filter>
194        </activity>
195
196        <service
196-->[com.google.firebase:firebase-auth:21.0.1] AndroidManifest.xml:64:9-73:19
197            android:name="com.google.firebase.auth.api.fallback.service.FirebaseAuthFallbackService"
197-->[com.google.firebase:firebase-auth:21.0.1] AndroidManifest.xml:65:13-101
198            android:enabled="true"
198-->[com.google.firebase:firebase-auth:21.0.1] AndroidManifest.xml:66:13-35
199            android:exported="false" >
199-->[com.google.firebase:firebase-auth:21.0.1] AndroidManifest.xml:67:13-37
200            <intent-filter>
200-->[com.google.firebase:firebase-auth:21.0.1] AndroidManifest.xml:68:13-72:29
201                <action android:name="com.google.firebase.auth.api.gms.service.START" />
201-->[com.google.firebase:firebase-auth:21.0.1] AndroidManifest.xml:69:17-89
201-->[com.google.firebase:firebase-auth:21.0.1] AndroidManifest.xml:69:25-86
202
203                <category android:name="android.intent.category.DEFAULT" />
203-->[com.firebaseui:firebase-ui-auth:7.2.0] AndroidManifest.xml:95:17-76
203-->[com.firebaseui:firebase-ui-auth:7.2.0] AndroidManifest.xml:95:27-73
204            </intent-filter>
205        </service>
206
207        <receiver
207-->[com.google.android.gms:play-services-measurement:20.0.0] AndroidManifest.xml:29:9-33:20
208            android:name="com.google.android.gms.measurement.AppMeasurementReceiver"
208-->[com.google.android.gms:play-services-measurement:20.0.0] AndroidManifest.xml:30:13-85
209            android:enabled="true"
209-->[com.google.android.gms:play-services-measurement:20.0.0] AndroidManifest.xml:31:13-35
210            android:exported="false" >
210-->[com.google.android.gms:play-services-measurement:20.0.0] AndroidManifest.xml:32:13-37
211        </receiver>
212
213        <service
213-->[com.google.android.gms:play-services-measurement:20.0.0] AndroidManifest.xml:35:9-38:40
214            android:name="com.google.android.gms.measurement.AppMeasurementService"
214-->[com.google.android.gms:play-services-measurement:20.0.0] AndroidManifest.xml:36:13-84
215            android:enabled="true"
215-->[com.google.android.gms:play-services-measurement:20.0.0] AndroidManifest.xml:37:13-35
216            android:exported="false" />
216-->[com.google.android.gms:play-services-measurement:20.0.0] AndroidManifest.xml:38:13-37
217        <service
217-->[com.google.android.gms:play-services-measurement:20.0.0] AndroidManifest.xml:39:9-43:72
218            android:name="com.google.android.gms.measurement.AppMeasurementJobService"
218-->[com.google.android.gms:play-services-measurement:20.0.0] AndroidManifest.xml:40:13-87
219            android:enabled="true"
219-->[com.google.android.gms:play-services-measurement:20.0.0] AndroidManifest.xml:41:13-35
220            android:exported="false"
220-->[com.google.android.gms:play-services-measurement:20.0.0] AndroidManifest.xml:42:13-37
221            android:permission="android.permission.BIND_JOB_SERVICE" />
221-->[com.google.android.gms:play-services-measurement:20.0.0] AndroidManifest.xml:43:13-69
222
223        <activity
223-->[com.google.android.gms:play-services-auth:19.0.0] AndroidManifest.xml:23:9-27:75
224            android:name="com.google.android.gms.auth.api.signin.internal.SignInHubActivity"
224-->[com.google.android.gms:play-services-auth:19.0.0] AndroidManifest.xml:24:13-93
225            android:excludeFromRecents="true"
225-->[com.google.android.gms:play-services-auth:19.0.0] AndroidManifest.xml:25:13-46
226            android:exported="false"
226-->[com.google.android.gms:play-services-auth:19.0.0] AndroidManifest.xml:26:13-37
227            android:theme="@android:style/Theme.Translucent.NoTitleBar" />
227-->[com.google.android.gms:play-services-auth:19.0.0] AndroidManifest.xml:27:13-72
228        <!--
229            Service handling Google Sign-In user revocation. For apps that do not integrate with
230            Google Sign-In, this service will never be started.
231        -->
232        <service
232-->[com.google.android.gms:play-services-auth:19.0.0] AndroidManifest.xml:33:9-37:51
233            android:name="com.google.android.gms.auth.api.signin.RevocationBoundService"
233-->[com.google.android.gms:play-services-auth:19.0.0] AndroidManifest.xml:34:13-89
234            android:exported="true"
234-->[com.google.android.gms:play-services-auth:19.0.0] AndroidManifest.xml:35:13-36
235            android:permission="com.google.android.gms.auth.api.signin.permission.REVOCATION_NOTIFICATION"
235-->[com.google.android.gms:play-services-auth:19.0.0] AndroidManifest.xml:36:13-107
236            android:visibleToInstantApps="true" />
236-->[com.google.android.gms:play-services-auth:19.0.0] AndroidManifest.xml:37:13-48
237
238        <provider
238-->[com.google.firebase:firebase-common:20.0.0] AndroidManifest.xml:26:9-31:39
239            android:name="com.google.firebase.provider.FirebaseInitProvider"
239-->[com.google.firebase:firebase-common:20.0.0] AndroidManifest.xml:27:13-77
240            android:authorities="com.evgeny_m.postman.firebaseinitprovider"
240-->[com.google.firebase:firebase-common:20.0.0] AndroidManifest.xml:28:13-72
241            android:directBootAware="true"
241-->[com.google.firebase:firebase-common:20.0.0] AndroidManifest.xml:29:13-43
242            android:exported="false"
242-->[com.google.firebase:firebase-common:20.0.0] AndroidManifest.xml:30:13-37
243            android:initOrder="100" />
243-->[com.google.firebase:firebase-common:20.0.0] AndroidManifest.xml:31:13-36
244
245        <activity
245-->[com.google.android.gms:play-services-base:17.1.0] AndroidManifest.xml:23:9-26:75
246            android:name="com.google.android.gms.common.api.GoogleApiActivity"
246-->[com.google.android.gms:play-services-base:17.1.0] AndroidManifest.xml:24:13-79
247            android:exported="false"
247-->[com.google.android.gms:play-services-base:17.1.0] AndroidManifest.xml:25:13-37
248            android:theme="@android:style/Theme.Translucent.NoTitleBar" />
248-->[com.google.android.gms:play-services-base:17.1.0] AndroidManifest.xml:26:13-72
249
250        <provider
250-->[androidx.emoji2:emoji2:1.0.0] AndroidManifest.xml:26:9-34:20
251            android:name="androidx.startup.InitializationProvider"
251-->[androidx.emoji2:emoji2:1.0.0] AndroidManifest.xml:27:13-67
252            android:authorities="com.evgeny_m.postman.androidx-startup"
252-->[androidx.emoji2:emoji2:1.0.0] AndroidManifest.xml:28:13-68
253            android:exported="false" >
253-->[androidx.emoji2:emoji2:1.0.0] AndroidManifest.xml:29:13-37
254            <meta-data
254-->[androidx.emoji2:emoji2:1.0.0] AndroidManifest.xml:31:13-33:52
255                android:name="androidx.emoji2.text.EmojiCompatInitializer"
255-->[androidx.emoji2:emoji2:1.0.0] AndroidManifest.xml:32:17-75
256                android:value="androidx.startup" />
256-->[androidx.emoji2:emoji2:1.0.0] AndroidManifest.xml:33:17-49
257            <meta-data
257-->[androidx.lifecycle:lifecycle-process:2.4.0] AndroidManifest.xml:31:13-33:52
258                android:name="androidx.lifecycle.ProcessLifecycleInitializer"
258-->[androidx.lifecycle:lifecycle-process:2.4.0] AndroidManifest.xml:32:17-78
259                android:value="androidx.startup" />